<?xml version="1.0" encoding="UTF-8"?>
<testsuite xmlns:xsi="http://www.w3.org/2001/XMLSchema-instance" xsi:noNamespaceSchemaLocation="https://maven.apache.org/surefire/maven-surefire-plugin/xsd/surefire-test-report-3.0.xsd" version="3.0" name="com.devsuperior.userdept.UserdeptApplicationTests" time="5.56" tests="1" errors="0" skipped="0" failures="0">
  <properties>
[...]
</properties>
  <testcase name="contextLoads" classname="com.devsuperior.userdept.UserdeptApplicationTests" time="0.531">
    <system-out><![CDATA[18:30:53.982 [main] INFO org.springframework.test.context.support.AnnotationConfigContextLoaderUtils -- Could not detect default configuration classes for test class [com.devsuperior.userdept.UserdeptApplicationTests]: UserdeptApplicationTests does not declare any static, non-private, non-final, nested classes annotated with @Configuration.
18:30:54.099 [main] INFO org.springframework.boot.test.context.SpringBootTestContextBootstrapper -- Found @SpringBootConfiguration com.devsuperior.userdept.UserdeptApplication for test class com.devsuperior.userdept.UserdeptApplicationTests

  .   ____          _            __ _ _
 /\\ / ___'_ __ _ _(_)_ __  __ _ \ \ \ \
( ( )\___ | '_ | '_| | '_ \/ _` | \ \ \ \
 \\/  ___)| |_)| | | | | || (_| |  ) ) ) )
  '  |____| .__|_| |_|_| |_\__, | / / / /
 =========|_|==============|___/=/_/_/_/
 :: Spring Boot ::                (v3.2.3)

2024-02-29T18:30:54.536-03:00  INFO 14796 --- [           main] c.d.userdept.UserdeptApplicationTests    : Starting UserdeptApplicationTests using Java 20.0.2 with PID 14796 (started by miche in D:\Documents\Gargel\Projeto\userdept)
2024-02-29T18:30:54.537-03:00  INFO 14796 --- [           main] c.d.userdept.UserdeptApplicationTests    : No active profile set, falling back to 1 default profile: "default"
2024-02-29T18:30:55.366-03:00  INFO 14796 --- [           main] .s.d.r.c.RepositoryConfigurationDelegate : Bootstrapping Spring Data JPA repositories in DEFAULT mode.
2024-02-29T18:30:55.436-03:00  INFO 14796 --- [           main] .s.d.r.c.RepositoryConfigurationDelegate : Finished Spring Data repository scanning in 60 ms. Found 1 JPA repository interface.
2024-02-29T18:30:55.920-03:00  INFO 14796 --- [           main] com.zaxxer.hikari.HikariDataSource       : HikariPool-1 - Starting...
2024-02-29T18:30:56.132-03:00  INFO 14796 --- [           main] com.zaxxer.hikari.pool.HikariPool        : HikariPool-1 - Added connection conn0: url=jdbc:h2:mem:testdb user=SA
2024-02-29T18:30:56.134-03:00  INFO 14796 --- [           main] com.zaxxer.hikari.HikariDataSource       : HikariPool-1 - Start completed.
2024-02-29T18:30:56.212-03:00  INFO 14796 --- [           main] o.hibernate.jpa.internal.util.LogHelper  : HHH000204: Processing PersistenceUnitInfo [name: default]
2024-02-29T18:30:56.283-03:00  INFO 14796 --- [           main] org.hibernate.Version                    : HHH000412: Hibernate ORM core version 6.4.4.Final
2024-02-29T18:30:56.331-03:00  INFO 14796 --- [           main] o.h.c.internal.RegionFactoryInitiator    : HHH000026: Second-level cache disabled
2024-02-29T18:30:56.675-03:00  INFO 14796 --- [           main] o.s.o.j.p.SpringPersistenceUnitInfo      : No LoadTimeWeaver setup: ignoring JPA class transformer
2024-02-29T18:30:57.682-03:00  INFO 14796 --- [           main] o.h.e.t.j.p.i.JtaPlatformInitiator       : HHH000489: No JTA platform available (set 'hibernate.transaction.jta.platform' to enable JTA platform integration)
Hibernate: 
    drop table if exists tb_department cascade 
Hibernate: 
    drop table if exists tb_user cascade 
Hibernate: 
    create table tb_department (
        id bigint generated by default as identity,
        name varchar(255),
        primary key (id)
    )
Hibernate: 
    create table tb_user (
        department_id bigint,
        id bigint generated by default as identity,
        email varchar(255),
        name varchar(255),
        primary key (id)
    )
Hibernate: 
    alter table if exists tb_user 
       add constraint FKk05pfkuxp9jsie8074d304v7m 
       foreign key (department_id) 
       references tb_department
Hibernate: INSERT INTO tb_department(name) VALUES ('Gestão')
Hibernate: INSERT INTO tb_department(name) VALUES ('Informática')
Hibernate: INSERT INTO tb_user(department_id, name, email) VALUES (1, 'Karine', 'karine@gmail.com')
Hibernate: INSERT INTO tb_user(department_id, name, email) VALUES (1, 'Ana', 'ana@gmail.com')
Hibernate: INSERT INTO tb_user(department_id, name, email) VALUES (2, 'Gargel', 'gargel@gmail.com')
Hibernate: INSERT INTO tb_user(department_id, name, email) VALUES (2, 'Gabriel', 'gabriel@gmail.com')
Hibernate: INSERT INTO tb_user(department_id, name, email) VALUES (2, 'Leo', 'leozin@gmail.com')
2024-02-29T18:30:57.741-03:00  INFO 14796 --- [           main] j.LocalContainerEntityManagerFactoryBean : Initialized JPA EntityManagerFactory for persistence unit 'default'
2024-02-29T18:30:58.324-03:00  WARN 14796 --- [           main] JpaBaseConfiguration$JpaWebConfiguration : spring.jpa.open-in-view is enabled by default. Therefore, database queries may be performed during view rendering. Explicitly configure spring.jpa.open-in-view to disable this warning
2024-02-29T18:30:58.740-03:00  INFO 14796 --- [           main] o.s.b.a.h2.H2ConsoleAutoConfiguration    : H2 console available at '/h2-console'. Database available at 'jdbc:h2:mem:testdb'
2024-02-29T18:30:58.797-03:00  INFO 14796 --- [           main] c.d.userdept.UserdeptApplicationTests    : Started UserdeptApplicationTests in 4.528 seconds (process running for 5.633)
]]></system-out>
  </testcase>
</testsuite>